<?xml version="1.0" encoding="UTF-8"?>
<testsuite xmlns:xsi="http://www.w3.org/2001/XMLSchema-instance" xsi:noNamespaceSchemaLocation="https://maven.apache.org/surefire/maven-surefire-plugin/xsd/surefire-test-report.xsd" name="com.stackroute.maverick.QGControllerTest" time="4.984" tests="4" errors="0" skipped="0" failures="0">
  <properties>
    <property name="sun.desktop" value="gnome"/>
    <property name="awt.toolkit" value="sun.awt.X11.XToolkit"/>
    <property name="file.encoding.pkg" value="sun.io"/>
    <property name="java.specification.version" value="1.8"/>
    <property name="sun.cpu.isalist" value=""/>
    <property name="sun.jnu.encoding" value="UTF-8"/>
    <property name="java.class.path" value="/home/fazeel/Desktop/maverick/DeploymentCode/questionGenerator/target/test-classes:/home/fazeel/Desktop/maverick/DeploymentCode/questionGenerator/target/classes:/home/fazeel/.m2/repository/org/springframework/boot/spring-boot-starter-web/2.0.1.RELEASE/spring-boot-starter-web-2.0.1.RELEASE.jar:/home/fazeel/.m2/repository/org/springframework/boot/spring-boot-starter/2.0.1.RELEASE/spring-boot-starter-2.0.1.RELEASE.jar:/home/fazeel/.m2/repository/org/springframework/boot/spring-boot-starter-logging/2.0.1.RELEASE/spring-boot-starter-logging-2.0.1.RELEASE.jar:/home/fazeel/.m2/repository/ch/qos/logback/logback-classic/1.2.3/logback-classic-1.2.3.jar:/home/fazeel/.m2/repository/ch/qos/logback/logback-core/1.2.3/logback-core-1.2.3.jar:/home/fazeel/.m2/repository/org/apache/logging/log4j/log4j-to-slf4j/2.10.0/log4j-to-slf4j-2.10.0.jar:/home/fazeel/.m2/repository/org/apache/logging/log4j/log4j-api/2.10.0/log4j-api-2.10.0.jar:/home/fazeel/.m2/repository/org/slf4j/jul-to-slf4j/1.7.25/jul-to-slf4j-1.7.25.jar:/home/fazeel/.m2/repository/javax/annotation/javax.annotation-api/1.3.2/javax.annotation-api-1.3.2.jar:/home/fazeel/.m2/repository/org/yaml/snakeyaml/1.19/snakeyaml-1.19.jar:/home/fazeel/.m2/repository/org/springframework/boot/spring-boot-starter-json/2.0.1.RELEASE/spring-boot-starter-json-2.0.1.RELEASE.jar:/home/fazeel/.m2/repository/com/fasterxml/jackson/datatype/jackson-datatype-jdk8/2.9.5/jackson-datatype-jdk8-2.9.5.jar:/home/fazeel/.m2/repository/com/fasterxml/jackson/datatype/jackson-datatype-jsr310/2.9.5/jackson-datatype-jsr310-2.9.5.jar:/home/fazeel/.m2/repository/com/fasterxml/jackson/module/jackson-module-parameter-names/2.9.5/jackson-module-parameter-names-2.9.5.jar:/home/fazeel/.m2/repository/org/springframework/boot/spring-boot-starter-tomcat/2.0.1.RELEASE/spring-boot-starter-tomcat-2.0.1.RELEASE.jar:/home/fazeel/.m2/repository/org/apache/tomcat/embed/tomcat-embed-core/8.5.29/tomcat-embed-core-8.5.29.jar:/home/fazeel/.m2/repository/org/apache/tomcat/embed/tomcat-embed-el/8.5.29/tomcat-embed-el-8.5.29.jar:/home/fazeel/.m2/repository/org/apache/tomcat/embed/tomcat-embed-websocket/8.5.29/tomcat-embed-websocket-8.5.29.jar:/home/fazeel/.m2/repository/org/hibernate/validator/hibernate-validator/6.0.9.Final/hibernate-validator-6.0.9.Final.jar:/home/fazeel/.m2/repository/javax/validation/validation-api/2.0.1.Final/validation-api-2.0.1.Final.jar:/home/fazeel/.m2/repository/org/jboss/logging/jboss-logging/3.3.2.Final/jboss-logging-3.3.2.Final.jar:/home/fazeel/.m2/repository/com/fasterxml/classmate/1.3.4/classmate-1.3.4.jar:/home/fazeel/.m2/repository/org/springframework/spring-web/5.0.5.RELEASE/spring-web-5.0.5.RELEASE.jar:/home/fazeel/.m2/repository/org/springframework/spring-beans/5.0.5.RELEASE/spring-beans-5.0.5.RELEASE.jar:/home/fazeel/.m2/repository/org/springframework/spring-webmvc/5.0.5.RELEASE/spring-webmvc-5.0.5.RELEASE.jar:/home/fazeel/.m2/repository/org/springframework/spring-aop/5.0.5.RELEASE/spring-aop-5.0.5.RELEASE.jar:/home/fazeel/.m2/repository/org/springframework/spring-expression/5.0.5.RELEASE/spring-expression-5.0.5.RELEASE.jar:/home/fazeel/.m2/repository/org/springframework/boot/spring-boot-starter-test/2.0.1.RELEASE/spring-boot-starter-test-2.0.1.RELEASE.jar:/home/fazeel/.m2/repository/org/springframework/boot/spring-boot-test/2.0.1.RELEASE/spring-boot-test-2.0.1.RELEASE.jar:/home/fazeel/.m2/repository/org/springframework/boot/spring-boot-test-autoconfigure/2.0.1.RELEASE/spring-boot-test-autoconfigure-2.0.1.RELEASE.jar:/home/fazeel/.m2/repository/com/jayway/jsonpath/json-path/2.4.0/json-path-2.4.0.jar:/home/fazeel/.m2/repository/net/minidev/json-smart/2.3/json-smart-2.3.jar:/home/fazeel/.m2/repository/net/minidev/accessors-smart/1.2/accessors-smart-1.2.jar:/home/fazeel/.m2/repository/org/ow2/asm/asm/5.0.4/asm-5.0.4.jar:/home/fazeel/.m2/repository/junit/junit/4.12/junit-4.12.jar:/home/fazeel/.m2/repository/org/assertj/assertj-core/3.9.1/assertj-core-3.9.1.jar:/home/fazeel/.m2/repository/org/mockito/mockito-core/2.15.0/mockito-core-2.15.0.jar:/home/fazeel/.m2/repository/net/bytebuddy/byte-buddy/1.7.11/byte-buddy-1.7.11.jar:/home/fazeel/.m2/repository/net/bytebuddy/byte-buddy-agent/1.7.11/byte-buddy-agent-1.7.11.jar:/home/fazeel/.m2/repository/org/objenesis/objenesis/2.6/objenesis-2.6.jar:/home/fazeel/.m2/repository/org/hamcrest/hamcrest-core/1.3/hamcrest-core-1.3.jar:/home/fazeel/.m2/repository/org/hamcrest/hamcrest-library/1.3/hamcrest-library-1.3.jar:/home/fazeel/.m2/repository/org/skyscreamer/jsonassert/1.5.0/jsonassert-1.5.0.jar:/home/fazeel/.m2/repository/com/vaadin/external/google/android-json/0.0.20131108.vaadin1/android-json-0.0.20131108.vaadin1.jar:/home/fazeel/.m2/repository/org/springframework/spring-core/5.0.5.RELEASE/spring-core-5.0.5.RELEASE.jar:/home/fazeel/.m2/repository/org/springframework/spring-jcl/5.0.5.RELEASE/spring-jcl-5.0.5.RELEASE.jar:/home/fazeel/.m2/repository/org/springframework/spring-test/5.0.5.RELEASE/spring-test-5.0.5.RELEASE.jar:/home/fazeel/.m2/repository/org/xmlunit/xmlunit-core/2.5.1/xmlunit-core-2.5.1.jar:/home/fazeel/.m2/repository/org/springframework/boot/spring-boot-devtools/2.0.1.RELEASE/spring-boot-devtools-2.0.1.RELEASE.jar:/home/fazeel/.m2/repository/org/springframework/boot/spring-boot/2.0.1.RELEASE/spring-boot-2.0.1.RELEASE.jar:/home/fazeel/.m2/repository/org/springframework/boot/spring-boot-autoconfigure/2.0.1.RELEASE/spring-boot-autoconfigure-2.0.1.RELEASE.jar:/home/fazeel/.m2/repository/org/springframework/boot/spring-boot-starter-data-mongodb/2.0.1.RELEASE/spring-boot-starter-data-mongodb-2.0.1.RELEASE.jar:/home/fazeel/.m2/repository/org/mongodb/mongodb-driver/3.6.3/mongodb-driver-3.6.3.jar:/home/fazeel/.m2/repository/org/mongodb/bson/3.6.3/bson-3.6.3.jar:/home/fazeel/.m2/repository/org/mongodb/mongodb-driver-core/3.6.3/mongodb-driver-core-3.6.3.jar:/home/fazeel/.m2/repository/org/springframework/data/spring-data-mongodb/2.0.6.RELEASE/spring-data-mongodb-2.0.6.RELEASE.jar:/home/fazeel/.m2/repository/org/springframework/data/spring-data-commons/2.0.6.RELEASE/spring-data-commons-2.0.6.RELEASE.jar:/home/fazeel/.m2/repository/org/springframework/kafka/spring-kafka/2.1.5.RELEASE/spring-kafka-2.1.5.RELEASE.jar:/home/fazeel/.m2/repository/org/springframework/spring-context/5.0.5.RELEASE/spring-context-5.0.5.RELEASE.jar:/home/fazeel/.m2/repository/org/springframework/spring-messaging/5.0.5.RELEASE/spring-messaging-5.0.5.RELEASE.jar:/home/fazeel/.m2/repository/org/springframework/spring-tx/5.0.5.RELEASE/spring-tx-5.0.5.RELEASE.jar:/home/fazeel/.m2/repository/org/springframework/retry/spring-retry/1.2.2.RELEASE/spring-retry-1.2.2.RELEASE.jar:/home/fazeel/.m2/repository/org/apache/kafka/kafka-clients/1.0.1/kafka-clients-1.0.1.jar:/home/fazeel/.m2/repository/org/lz4/lz4-java/1.4/lz4-java-1.4.jar:/home/fazeel/.m2/repository/org/xerial/snappy/snappy-java/1.1.4/snappy-java-1.1.4.jar:/home/fazeel/.m2/repository/org/springframework/kafka/spring-kafka-test/2.1.5.RELEASE/spring-kafka-test-2.1.5.RELEASE.jar:/home/fazeel/.m2/repository/org/apache/kafka/kafka-clients/1.0.1/kafka-clients-1.0.1-test.jar:/home/fazeel/.m2/repository/org/apache/kafka/kafka_2.11/1.0.1/kafka_2.11-1.0.1.jar:/home/fazeel/.m2/repository/net/sf/jopt-simple/jopt-simple/5.0.4/jopt-simple-5.0.4.jar:/home/fazeel/.m2/repository/com/yammer/metrics/metrics-core/2.2.0/metrics-core-2.2.0.jar:/home/fazeel/.m2/repository/org/scala-lang/scala-library/2.11.12/scala-library-2.11.12.jar:/home/fazeel/.m2/repository/com/101tec/zkclient/0.10/zkclient-0.10.jar:/home/fazeel/.m2/repository/org/apache/zookeeper/zookeeper/3.4.10/zookeeper-3.4.10.jar:/home/fazeel/.m2/repository/org/apache/kafka/kafka_2.11/1.0.1/kafka_2.11-1.0.1-test.jar:/home/fazeel/.m2/repository/org/springframework/cloud/spring-cloud-starter-config/2.0.1.BUILD-SNAPSHOT/spring-cloud-starter-config-2.0.1.BUILD-SNAPSHOT.jar:/home/fazeel/.m2/repository/org/springframework/cloud/spring-cloud-starter/2.0.1.BUILD-SNAPSHOT/spring-cloud-starter-2.0.1.BUILD-SNAPSHOT.jar:/home/fazeel/.m2/repository/org/springframework/cloud/spring-cloud-context/2.0.1.BUILD-SNAPSHOT/spring-cloud-context-2.0.1.BUILD-SNAPSHOT.jar:/home/fazeel/.m2/repository/org/springframework/security/spring-security-crypto/5.0.4.RELEASE/spring-security-crypto-5.0.4.RELEASE.jar:/home/fazeel/.m2/repository/org/springframework/cloud/spring-cloud-commons/2.0.1.BUILD-SNAPSHOT/spring-cloud-commons-2.0.1.BUILD-SNAPSHOT.jar:/home/fazeel/.m2/repository/org/springframework/security/spring-security-rsa/1.0.5.RELEASE/spring-security-rsa-1.0.5.RELEASE.jar:/home/fazeel/.m2/repository/org/bouncycastle/bcpkix-jdk15on/1.56/bcpkix-jdk15on-1.56.jar:/home/fazeel/.m2/repository/org/bouncycastle/bcprov-jdk15on/1.56/bcprov-jdk15on-1.56.jar:/home/fazeel/.m2/repository/org/springframework/cloud/spring-cloud-config-client/2.0.1.BUILD-SNAPSHOT/spring-cloud-config-client-2.0.1.BUILD-SNAPSHOT.jar:/home/fazeel/.m2/repository/com/fasterxml/jackson/core/jackson-databind/2.9.5/jackson-databind-2.9.5.jar:/home/fazeel/.m2/repository/org/springframework/cloud/spring-cloud-starter-netflix-eureka-client/2.0.1.BUILD-SNAPSHOT/spring-cloud-starter-netflix-eureka-client-2.0.1.BUILD-SNAPSHOT.jar:/home/fazeel/.m2/repository/org/springframework/cloud/spring-cloud-netflix-core/2.0.1.BUILD-SNAPSHOT/spring-cloud-netflix-core-2.0.1.BUILD-SNAPSHOT.jar:/home/fazeel/.m2/repository/org/springframework/boot/spring-boot-starter-aop/2.0.1.RELEASE/spring-boot-starter-aop-2.0.1.RELEASE.jar:/home/fazeel/.m2/repository/org/aspectj/aspectjweaver/1.8.13/aspectjweaver-1.8.13.jar:/home/fazeel/.m2/repository/org/springframework/cloud/spring-cloud-netflix-eureka-client/2.0.1.BUILD-SNAPSHOT/spring-cloud-netflix-eureka-client-2.0.1.BUILD-SNAPSHOT.jar:/home/fazeel/.m2/repository/com/netflix/eureka/eureka-client/1.9.3/eureka-client-1.9.3.jar:/home/fazeel/.m2/repository/org/codehaus/jettison/jettison/1.3.7/jettison-1.3.7.jar:/home/fazeel/.m2/repository/com/netflix/netflix-commons/netflix-eventbus/0.3.0/netflix-eventbus-0.3.0.jar:/home/fazeel/.m2/repository/com/netflix/netflix-commons/netflix-infix/0.3.0/netflix-infix-0.3.0.jar:/home/fazeel/.m2/repository/commons-jxpath/commons-jxpath/1.3/commons-jxpath-1.3.jar:/home/fazeel/.m2/repository/org/antlr/antlr-runtime/3.4/antlr-runtime-3.4.jar:/home/fazeel/.m2/repository/org/antlr/stringtemplate/3.2.1/stringtemplate-3.2.1.jar:/home/fazeel/.m2/repository/antlr/antlr/2.7.7/antlr-2.7.7.jar:/home/fazeel/.m2/repository/com/google/code/gson/gson/2.8.2/gson-2.8.2.jar:/home/fazeel/.m2/repository/org/apache/commons/commons-math/2.2/commons-math-2.2.jar:/home/fazeel/.m2/repository/com/netflix/archaius/archaius-core/0.7.6/archaius-core-0.7.6.jar:/home/fazeel/.m2/repository/javax/ws/rs/jsr311-api/1.1.1/jsr311-api-1.1.1.jar:/home/fazeel/.m2/repository/com/netflix/servo/servo-core/0.12.21/servo-core-0.12.21.jar:/home/fazeel/.m2/repository/com/sun/jersey/jersey-core/1.19.1/jersey-core-1.19.1.jar:/home/fazeel/.m2/repository/com/sun/jersey/jersey-client/1.19.1/jersey-client-1.19.1.jar:/home/fazeel/.m2/repository/com/sun/jersey/contribs/jersey-apache-client4/1.19.1/jersey-apache-client4-1.19.1.jar:/home/fazeel/.m2/repository/com/google/inject/guice/4.1.0/guice-4.1.0.jar:/home/fazeel/.m2/repository/javax/inject/javax.inject/1/javax.inject-1.jar:/home/fazeel/.m2/repository/aopalliance/aopalliance/1.0/aopalliance-1.0.jar:/home/fazeel/.m2/repository/com/github/vlsi/compactmap/compactmap/1.2.1/compactmap-1.2.1.jar:/home/fazeel/.m2/repository/com/github/andrewoma/dexx/dexx-collections/0.2/dexx-collections-0.2.jar:/home/fazeel/.m2/repository/com/netflix/eureka/eureka-core/1.9.3/eureka-core-1.9.3.jar:/home/fazeel/.m2/repository/org/codehaus/woodstox/woodstox-core-asl/4.4.1/woodstox-core-asl-4.4.1.jar:/home/fazeel/.m2/repository/javax/xml/stream/stax-api/1.0-2/stax-api-1.0-2.jar:/home/fazeel/.m2/repository/org/codehaus/woodstox/stax2-api/3.1.4/stax2-api-3.1.4.jar:/home/fazeel/.m2/repository/org/springframework/cloud/spring-cloud-starter-netflix-archaius/2.0.1.BUILD-SNAPSHOT/spring-cloud-starter-netflix-archaius-2.0.1.BUILD-SNAPSHOT.jar:/home/fazeel/.m2/repository/org/springframework/cloud/spring-cloud-netflix-ribbon/2.0.1.BUILD-SNAPSHOT/spring-cloud-netflix-ribbon-2.0.1.BUILD-SNAPSHOT.jar:/home/fazeel/.m2/repository/org/springframework/cloud/spring-cloud-netflix-archaius/2.0.1.BUILD-SNAPSHOT/spring-cloud-netflix-archaius-2.0.1.BUILD-SNAPSHOT.jar:/home/fazeel/.m2/repository/commons-configuration/commons-configuration/1.8/commons-configuration-1.8.jar:/home/fazeel/.m2/repository/commons-lang/commons-lang/2.6/commons-lang-2.6.jar:/home/fazeel/.m2/repository/org/springframework/cloud/spring-cloud-starter-netflix-ribbon/2.0.1.BUILD-SNAPSHOT/spring-cloud-starter-netflix-ribbon-2.0.1.BUILD-SNAPSHOT.jar:/home/fazeel/.m2/repository/com/netflix/ribbon/ribbon/2.2.5/ribbon-2.2.5.jar:/home/fazeel/.m2/repository/com/netflix/ribbon/ribbon-transport/2.2.5/ribbon-transport-2.2.5.jar:/home/fazeel/.m2/repository/io/reactivex/rxnetty-contexts/0.4.9/rxnetty-contexts-0.4.9.jar:/home/fazeel/.m2/repository/io/reactivex/rxnetty-servo/0.4.9/rxnetty-servo-0.4.9.jar:/home/fazeel/.m2/repository/com/netflix/hystrix/hystrix-core/1.5.12/hystrix-core-1.5.12.jar:/home/fazeel/.m2/repository/io/reactivex/rxnetty/0.4.9/rxnetty-0.4.9.jar:/home/fazeel/.m2/repository/io/netty/netty-codec-http/4.1.23.Final/netty-codec-http-4.1.23.Final.jar:/home/fazeel/.m2/repository/io/netty/netty-codec/4.1.23.Final/netty-codec-4.1.23.Final.jar:/home/fazeel/.m2/repository/io/netty/netty-transport-native-epoll/4.1.23.Final/netty-transport-native-epoll-4.1.23.Final.jar:/home/fazeel/.m2/repository/io/netty/netty-common/4.1.23.Final/netty-common-4.1.23.Final.jar:/home/fazeel/.m2/repository/io/netty/netty-buffer/4.1.23.Final/netty-buffer-4.1.23.Final.jar:/home/fazeel/.m2/repository/io/netty/netty-transport-native-unix-common/4.1.23.Final/netty-transport-native-unix-common-4.1.23.Final.jar:/home/fazeel/.m2/repository/io/netty/netty-transport/4.1.23.Final/netty-transport-4.1.23.Final.jar:/home/fazeel/.m2/repository/io/netty/netty-resolver/4.1.23.Final/netty-resolver-4.1.23.Final.jar:/home/fazeel/.m2/repository/com/netflix/ribbon/ribbon-core/2.2.5/ribbon-core-2.2.5.jar:/home/fazeel/.m2/repository/com/netflix/ribbon/ribbon-httpclient/2.2.5/ribbon-httpclient-2.2.5.jar:/home/fazeel/.m2/repository/commons-collections/commons-collections/3.2.2/commons-collections-3.2.2.jar:/home/fazeel/.m2/repository/com/netflix/netflix-commons/netflix-commons-util/0.3.0/netflix-commons-util-0.3.0.jar:/home/fazeel/.m2/repository/com/netflix/ribbon/ribbon-loadbalancer/2.2.5/ribbon-loadbalancer-2.2.5.jar:/home/fazeel/.m2/repository/com/netflix/netflix-commons/netflix-statistics/0.1.1/netflix-statistics-0.1.1.jar:/home/fazeel/.m2/repository/io/reactivex/rxjava/1.3.8/rxjava-1.3.8.jar:/home/fazeel/.m2/repository/com/netflix/ribbon/ribbon-eureka/2.2.5/ribbon-eureka-2.2.5.jar:/home/fazeel/.m2/repository/com/thoughtworks/xstream/xstream/1.4.10/xstream-1.4.10.jar:/home/fazeel/.m2/repository/xmlpull/xmlpull/1.1.3.1/xmlpull-1.1.3.1.jar:/home/fazeel/.m2/repository/xpp3/xpp3_min/1.1.4c/xpp3_min-1.1.4c.jar:/home/fazeel/.m2/repository/org/springframework/boot/spring-boot-starter-actuator/2.0.1.RELEASE/spring-boot-starter-actuator-2.0.1.RELEASE.jar:/home/fazeel/.m2/repository/org/springframework/boot/spring-boot-actuator-autoconfigure/2.0.1.RELEASE/spring-boot-actuator-autoconfigure-2.0.1.RELEASE.jar:/home/fazeel/.m2/repository/org/springframework/boot/spring-boot-actuator/2.0.1.RELEASE/spring-boot-actuator-2.0.1.RELEASE.jar:/home/fazeel/.m2/repository/io/micrometer/micrometer-core/1.0.3/micrometer-core-1.0.3.jar:/home/fazeel/.m2/repository/org/hdrhistogram/HdrHistogram/2.1.10/HdrHistogram-2.1.10.jar:/home/fazeel/.m2/repository/org/latencyutils/LatencyUtils/2.0.3/LatencyUtils-2.0.3.jar:/home/fazeel/.m2/repository/io/micrometer/micrometer-registry-prometheus/1.0.3/micrometer-registry-prometheus-1.0.3.jar:/home/fazeel/.m2/repository/io/prometheus/simpleclient_common/0.3.0/simpleclient_common-0.3.0.jar:/home/fazeel/.m2/repository/io/prometheus/simpleclient/0.3.0/simpleclient-0.3.0.jar:/home/fazeel/.m2/repository/com/hp/hpl/jena/arq/2.8.3/arq-2.8.3.jar:/home/fazeel/.m2/repository/com/hp/hpl/jena/jena/2.6.2/jena-2.6.2.jar:/home/fazeel/.m2/repository/com/ibm/icu/icu4j/3.4.4/icu4j-3.4.4.jar:/home/fazeel/.m2/repository/org/slf4j/slf4j-log4j12/1.7.25/slf4j-log4j12-1.7.25.jar:/home/fazeel/.m2/repository/log4j/log4j/1.2.13/log4j-1.2.13.jar:/home/fazeel/.m2/repository/com/hp/hpl/jena/iri/0.8/iri-0.8.jar:/home/fazeel/.m2/repository/org/codehaus/woodstox/wstx-asl/3.2.9/wstx-asl-3.2.9.jar:/home/fazeel/.m2/repository/stax/stax-api/1.0.1/stax-api-1.0.1.jar:/home/fazeel/.m2/repository/org/apache/lucene/lucene-core/2.3.1/lucene-core-2.3.1.jar:/home/fazeel/.m2/repository/org/slf4j/slf4j-api/1.7.25/slf4j-api-1.7.25.jar:/home/fazeel/.m2/repository/xerces/xercesImpl/2.7.1/xercesImpl-2.7.1.jar:/home/fazeel/.m2/repository/org/apache/jena/jena-arq/3.7.0/jena-arq-3.7.0.jar:/home/fazeel/.m2/repository/org/apache/jena/jena-core/3.7.0/jena-core-3.7.0.jar:/home/fazeel/.m2/repository/org/apache/jena/jena-iri/3.7.0/jena-iri-3.7.0.jar:/home/fazeel/.m2/repository/commons-cli/commons-cli/1.4/commons-cli-1.4.jar:/home/fazeel/.m2/repository/commons-codec/commons-codec/1.11/commons-codec-1.11.jar:/home/fazeel/.m2/repository/org/apache/jena/jena-base/3.7.0/jena-base-3.7.0.jar:/home/fazeel/.m2/repository/org/apache/commons/commons-csv/1.5/commons-csv-1.5.jar:/home/fazeel/.m2/repository/com/github/andrewoma/dexx/collection/0.7/collection-0.7.jar:/home/fazeel/.m2/repository/org/apache/jena/jena-shaded-guava/3.7.0/jena-shaded-guava-3.7.0.jar:/home/fazeel/.m2/repository/org/apache/httpcomponents/httpclient/4.5.5/httpclient-4.5.5.jar:/home/fazeel/.m2/repository/org/apache/httpcomponents/httpcore/4.4.9/httpcore-4.4.9.jar:/home/fazeel/.m2/repository/com/github/jsonld-java/jsonld-java/0.11.1/jsonld-java-0.11.1.jar:/home/fazeel/.m2/repository/commons-io/commons-io/2.5/commons-io-2.5.jar:/home/fazeel/.m2/repository/org/apache/httpcomponents/httpclient-cache/4.5.5/httpclient-cache-4.5.5.jar:/home/fazeel/.m2/repository/org/apache/thrift/libthrift/0.10.0/libthrift-0.10.0.jar:/home/fazeel/.m2/repository/org/slf4j/jcl-over-slf4j/1.7.25/jcl-over-slf4j-1.7.25.jar:/home/fazeel/.m2/repository/org/apache/commons/commons-lang3/3.7/commons-lang3-3.7.jar:/home/fazeel/.m2/repository/org/eclipse/rdf4j/rdf4j-runtime/2.0M2/rdf4j-runtime-2.0M2.jar:/home/fazeel/.m2/repository/org/eclipse/rdf4j/rdf4j-model/2.0M2/rdf4j-model-2.0M2.jar:/home/fazeel/.m2/repository/org/eclipse/rdf4j/rdf4j-util/2.0M2/rdf4j-util-2.0M2.jar:/home/fazeel/.m2/repository/org/eclipse/rdf4j/rdf4j-repository-api/2.0M2/rdf4j-repository-api-2.0M2.jar:/home/fazeel/.m2/repository/org/eclipse/rdf4j/rdf4j-query/2.0M2/rdf4j-query-2.0M2.jar:/home/fazeel/.m2/repository/org/eclipse/rdf4j/rdf4j-repository-manager/2.0M2/rdf4j-repository-manager-2.0M2.jar:/home/fazeel/.m2/repository/org/eclipse/rdf4j/rdf4j-repository-event/2.0M2/rdf4j-repository-event-2.0M2.jar:/home/fazeel/.m2/repository/org/eclipse/rdf4j/rdf4j-repository-http/2.0M2/rdf4j-repository-http-2.0M2.jar:/home/fazeel/.m2/repository/org/eclipse/rdf4j/rdf4j-repository-sparql/2.0M2/rdf4j-repository-sparql-2.0M2.jar:/home/fazeel/.m2/repository/org/eclipse/rdf4j/rdf4j-repository-contextaware/2.0M2/rdf4j-repository-contextaware-2.0M2.jar:/home/fazeel/.m2/repository/org/eclipse/rdf4j/rdf4j-repository-sail/2.0M2/rdf4j-repository-sail-2.0M2.jar:/home/fazeel/.m2/repository/org/eclipse/rdf4j/rdf4j-queryalgebra-model/2.0M2/rdf4j-queryalgebra-model-2.0M2.jar:/home/fazeel/.m2/repository/org/eclipse/rdf4j/rdf4j-queryalgebra-evaluation/2.0M2/rdf4j-queryalgebra-evaluation-2.0M2.jar:/home/fazeel/.m2/repository/org/mapdb/mapdb/1.0.8/mapdb-1.0.8.jar:/home/fazeel/.m2/repository/org/eclipse/rdf4j/rdf4j-http-client/2.0M2/rdf4j-http-client-2.0M2.jar:/home/fazeel/.m2/repository/org/eclipse/rdf4j/rdf4j-sail-api/2.0M2/rdf4j-sail-api-2.0M2.jar:/home/fazeel/.m2/repository/org/eclipse/rdf4j/rdf4j-sail-federation/2.0M2/rdf4j-sail-federation-2.0M2.jar:/home/fazeel/.m2/repository/org/eclipse/rdf4j/rdf4j-queryparser-api/2.0M2/rdf4j-queryparser-api-2.0M2.jar:/home/fazeel/.m2/repository/org/eclipse/rdf4j/rdf4j-queryparser-serql/2.0M2/rdf4j-queryparser-serql-2.0M2.jar:/home/fazeel/.m2/repository/org/eclipse/rdf4j/rdf4j-queryparser-sparql/2.0M2/rdf4j-queryparser-sparql-2.0M2.jar:/home/fazeel/.m2/repository/org/eclipse/rdf4j/rdf4j-queryresultio-api/2.0M2/rdf4j-queryresultio-api-2.0M2.jar:/home/fazeel/.m2/repository/org/eclipse/rdf4j/rdf4j-queryresultio-binary/2.0M2/rdf4j-queryresultio-binary-2.0M2.jar:/home/fazeel/.m2/repository/org/eclipse/rdf4j/rdf4j-queryresultio-sparqljson/2.0M2/rdf4j-queryresultio-sparqljson-2.0M2.jar:/home/fazeel/.m2/repository/org/eclipse/rdf4j/rdf4j-queryresultio-sparqlxml/2.0M2/rdf4j-queryresultio-sparqlxml-2.0M2.jar:/home/fazeel/.m2/repository/org/eclipse/rdf4j/rdf4j-queryresultio-text/2.0M2/rdf4j-queryresultio-text-2.0M2.jar:/home/fazeel/.m2/repository/com/opencsv/opencsv/3.2/opencsv-3.2.jar:/home/fazeel/.m2/repository/org/eclipse/rdf4j/rdf4j-repository-dataset/2.0M2/rdf4j-repository-dataset-2.0M2.jar:/home/fazeel/.m2/repository/org/eclipse/rdf4j/rdf4j-http-protocol/2.0M2/rdf4j-http-protocol-2.0M2.jar:/home/fazeel/.m2/repository/org/eclipse/rdf4j/rdf4j-rio-api/2.0M2/rdf4j-rio-api-2.0M2.jar:/home/fazeel/.m2/repository/org/eclipse/rdf4j/rdf4j-rio-datatypes/2.0M2/rdf4j-rio-datatypes-2.0M2.jar:/home/fazeel/.m2/repository/org/eclipse/rdf4j/rdf4j-rio-languages/2.0M2/rdf4j-rio-languages-2.0M2.jar:/home/fazeel/.m2/repository/org/eclipse/rdf4j/rdf4j-rio-binary/2.0M2/rdf4j-rio-binary-2.0M2.jar:/home/fazeel/.m2/repository/org/eclipse/rdf4j/rdf4j-rio-jsonld/2.0M2/rdf4j-rio-jsonld-2.0M2.jar:/home/fazeel/.m2/repository/org/eclipse/rdf4j/rdf4j-rio-ntriples/2.0M2/rdf4j-rio-ntriples-2.0M2.jar:/home/fazeel/.m2/repository/org/eclipse/rdf4j/rdf4j-rio-nquads/2.0M2/rdf4j-rio-nquads-2.0M2.jar:/home/fazeel/.m2/repository/org/eclipse/rdf4j/rdf4j-rio-n3/2.0M2/rdf4j-rio-n3-2.0M2.jar:/home/fazeel/.m2/repository/org/eclipse/rdf4j/rdf4j-rio-rdfjson/2.0M2/rdf4j-rio-rdfjson-2.0M2.jar:/home/fazeel/.m2/repository/org/eclipse/rdf4j/rdf4j-rio-rdfxml/2.0M2/rdf4j-rio-rdfxml-2.0M2.jar:/home/fazeel/.m2/repository/org/eclipse/rdf4j/rdf4j-rio-trix/2.0M2/rdf4j-rio-trix-2.0M2.jar:/home/fazeel/.m2/repository/org/eclipse/rdf4j/rdf4j-rio-turtle/2.0M2/rdf4j-rio-turtle-2.0M2.jar:/home/fazeel/.m2/repository/org/eclipse/rdf4j/rdf4j-rio-trig/2.0M2/rdf4j-rio-trig-2.0M2.jar:/home/fazeel/.m2/repository/org/eclipse/rdf4j/rdf4j-sail-inferencer/2.0M2/rdf4j-sail-inferencer-2.0M2.jar:/home/fazeel/.m2/repository/org/eclipse/rdf4j/rdf4j-sail-model/2.0M2/rdf4j-sail-model-2.0M2.jar:/home/fazeel/.m2/repository/org/eclipse/rdf4j/rdf4j-sail-lucene/2.0M2/rdf4j-sail-lucene-2.0M2.jar:/home/fazeel/.m2/repository/org/eclipse/rdf4j/rdf4j-sail-lucene-api/2.0M2/rdf4j-sail-lucene-api-2.0M2.jar:/home/fazeel/.m2/repository/com/spatial4j/spatial4j/0.4.1/spatial4j-0.4.1.jar:/home/fazeel/.m2/repository/org/apache/lucene/lucene-queries/5.2.1/lucene-queries-5.2.1.jar:/home/fazeel/.m2/repository/org/apache/lucene/lucene-highlighter/5.2.1/lucene-highlighter-5.2.1.jar:/home/fazeel/.m2/repository/org/apache/lucene/lucene-join/5.2.1/lucene-join-5.2.1.jar:/home/fazeel/.m2/repository/org/apache/lucene/lucene-memory/5.2.1/lucene-memory-5.2.1.jar:/home/fazeel/.m2/repository/org/apache/lucene/lucene-analyzers-common/5.2.1/lucene-analyzers-common-5.2.1.jar:/home/fazeel/.m2/repository/org/apache/lucene/lucene-queryparser/5.2.1/lucene-queryparser-5.2.1.jar:/home/fazeel/.m2/repository/org/apache/lucene/lucene-sandbox/5.2.1/lucene-sandbox-5.2.1.jar:/home/fazeel/.m2/repository/org/apache/lucene/lucene-spatial/5.2.1/lucene-spatial-5.2.1.jar:/home/fazeel/.m2/repository/org/apache/lucene/lucene-misc/5.2.1/lucene-misc-5.2.1.jar:/home/fazeel/.m2/repository/org/codehaus/mojo/animal-sniffer-annotations/1.14/animal-sniffer-annotations-1.14.jar:/home/fazeel/.m2/repository/org/eclipse/rdf4j/rdf4j-sail-memory/2.0M2/rdf4j-sail-memory-2.0M2.jar:/home/fazeel/.m2/repository/org/eclipse/rdf4j/rdf4j-sail-base/2.0M2/rdf4j-sail-base-2.0M2.jar:/home/fazeel/.m2/repository/org/eclipse/rdf4j/rdf4j-sail-spin/2.0M2/rdf4j-sail-spin-2.0M2.jar:/home/fazeel/.m2/repository/org/eclipse/rdf4j/rdf4j-spin/2.0M2/rdf4j-spin-2.0M2.jar:/home/fazeel/.m2/repository/org/eclipse/rdf4j/rdf4j-queryrender/2.0M2/rdf4j-queryrender-2.0M2.jar:/home/fazeel/.m2/repository/org/eclipse/rdf4j/rdf4j-sail-nativerdf/2.0M2/rdf4j-sail-nativerdf-2.0M2.jar:/home/fazeel/.m2/repository/com/google/endpoints/endpoints-framework/2.0.14/endpoints-framework-2.0.14.jar:/home/fazeel/.m2/repository/com/google/guava/guava/20.0/guava-20.0.jar:/home/fazeel/.m2/repository/com/fasterxml/jackson/core/jackson-annotations/2.9.0/jackson-annotations-2.9.0.jar:/home/fazeel/.m2/repository/com/fasterxml/jackson/core/jackson-core/2.9.5/jackson-core-2.9.5.jar:/home/fazeel/.m2/repository/com/google/appengine/appengine-api-1.0-sdk/1.9.63/appengine-api-1.0-sdk-1.9.63.jar:/home/fazeel/.m2/repository/com/google/http-client/google-http-client-jackson2/1.23.0/google-http-client-jackson2-1.23.0.jar:/home/fazeel/.m2/repository/com/google/http-client/google-http-client/1.23.0/google-http-client-1.23.0.jar:/home/fazeel/.m2/repository/com/google/api-client/google-api-client/1.23.0/google-api-client-1.23.0.jar:/home/fazeel/.m2/repository/com/google/oauth-client/google-oauth-client/1.23.0/google-oauth-client-1.23.0.jar:/home/fazeel/.m2/repository/com/google/api-client/google-api-client-appengine/1.23.0/google-api-client-appengine-1.23.0.jar:/home/fazeel/.m2/repository/com/google/oauth-client/google-oauth-client-appengine/1.23.0/google-oauth-client-appengine-1.23.0.jar:/home/fazeel/.m2/repository/com/google/oauth-client/google-oauth-client-servlet/1.23.0/google-oauth-client-servlet-1.23.0.jar:/home/fazeel/.m2/repository/com/google/http-client/google-http-client-jdo/1.23.0/google-http-client-jdo-1.23.0.jar:/home/fazeel/.m2/repository/com/google/api-client/google-api-client-servlet/1.23.0/google-api-client-servlet-1.23.0.jar:/home/fazeel/.m2/repository/javax/servlet/servlet-api/2.5/servlet-api-2.5.jar:/home/fazeel/.m2/repository/javax/jdo/jdo2-api/2.3-eb/jdo2-api-2.3-eb.jar:/home/fazeel/.m2/repository/javax/transaction/transaction-api/1.1/transaction-api-1.1.jar:/home/fazeel/.m2/repository/com/google/http-client/google-http-client-appengine/1.23.0/google-http-client-appengine-1.23.0.jar:/home/fazeel/.m2/repository/com/google/code/findbugs/jsr305/3.0.1/jsr305-3.0.1.jar:/home/fazeel/.m2/repository/io/swagger/swagger-models/1.5.9/swagger-models-1.5.9.jar:/home/fazeel/.m2/repository/io/swagger/swagger-annotations/1.5.9/swagger-annotations-1.5.9.jar:/home/fazeel/.m2/repository/io/swagger/swagger-core/1.5.9/swagger-core-1.5.9.jar:/home/fazeel/.m2/repository/com/fasterxml/jackson/datatype/jackson-datatype-joda/2.9.5/jackson-datatype-joda-2.9.5.jar:/home/fazeel/.m2/repository/joda-time/joda-time/2.9.9/joda-time-2.9.9.jar:/home/fazeel/.m2/repository/com/fasterxml/jackson/dataformat/jackson-dataformat-yaml/2.9.5/jackson-dataformat-yaml-2.9.5.jar:/home/fazeel/.m2/repository/org/slf4j/slf4j-nop/1.7.25/slf4j-nop-1.7.25.jar:"/>
    <property name="java.vm.vendor" value="Oracle Corporation"/>
    <property name="sun.arch.data.model" value="64"/>
    <property name="java.vendor.url" value="http://java.oracle.com/"/>
    <property name="user.timezone" value=""/>
    <property name="java.vm.specification.version" value="1.8"/>
    <property name="os.name" value="Linux"/>
    <property name="user.country" value="IN"/>
    <property name="sun.java.launcher" value="SUN_STANDARD"/>
    <property name="sun.boot.library.path" value="/usr/lib/jvm/java-8-oracle/jre/lib/amd64"/>
    <property name="sun.java.command" value="/home/fazeel/Desktop/maverick/DeploymentCode/questionGenerator/target/surefire/surefirebooter5027829225404329763.jar /home/fazeel/Desktop/maverick/DeploymentCode/questionGenerator/target/surefire 2018-07-04T15-21-13_019-jvmRun1 surefire1857713128062982168tmp surefire_1754410433265645702tmp"/>
    <property name="surefire.test.class.path" value="/home/fazeel/Desktop/maverick/DeploymentCode/questionGenerator/target/test-classes:/home/fazeel/Desktop/maverick/DeploymentCode/questionGenerator/target/classes:/home/fazeel/.m2/repository/org/springframework/boot/spring-boot-starter-web/2.0.1.RELEASE/spring-boot-starter-web-2.0.1.RELEASE.jar:/home/fazeel/.m2/repository/org/springframework/boot/spring-boot-starter/2.0.1.RELEASE/spring-boot-starter-2.0.1.RELEASE.jar:/home/fazeel/.m2/repository/org/springframework/boot/spring-boot-starter-logging/2.0.1.RELEASE/spring-boot-starter-logging-2.0.1.RELEASE.jar:/home/fazeel/.m2/repository/ch/qos/logback/logback-classic/1.2.3/logback-classic-1.2.3.jar:/home/fazeel/.m2/repository/ch/qos/logback/logback-core/1.2.3/logback-core-1.2.3.jar:/home/fazeel/.m2/repository/org/apache/logging/log4j/log4j-to-slf4j/2.10.0/log4j-to-slf4j-2.10.0.jar:/home/fazeel/.m2/repository/org/apache/logging/log4j/log4j-api/2.10.0/log4j-api-2.10.0.jar:/home/fazeel/.m2/repository/org/slf4j/jul-to-slf4j/1.7.25/jul-to-slf4j-1.7.25.jar:/home/fazeel/.m2/repository/javax/annotation/javax.annotation-api/1.3.2/javax.annotation-api-1.3.2.jar:/home/fazeel/.m2/repository/org/yaml/snakeyaml/1.19/snakeyaml-1.19.jar:/home/fazeel/.m2/repository/org/springframework/boot/spring-boot-starter-json/2.0.1.RELEASE/spring-boot-starter-json-2.0.1.RELEASE.jar:/home/fazeel/.m2/repository/com/fasterxml/jackson/datatype/jackson-datatype-jdk8/2.9.5/jackson-datatype-jdk8-2.9.5.jar:/home/fazeel/.m2/repository/com/fasterxml/jackson/datatype/jackson-datatype-jsr310/2.9.5/jackson-datatype-jsr310-2.9.5.jar:/home/fazeel/.m2/repository/com/fasterxml/jackson/module/jackson-module-parameter-names/2.9.5/jackson-module-parameter-names-2.9.5.jar:/home/fazeel/.m2/repository/org/springframework/boot/spring-boot-starter-tomcat/2.0.1.RELEASE/spring-boot-starter-tomcat-2.0.1.RELEASE.jar:/home/fazeel/.m2/repository/org/apache/tomcat/embed/tomcat-embed-core/8.5.29/tomcat-embed-core-8.5.29.jar:/home/fazeel/.m2/repository/org/apache/tomcat/embed/tomcat-embed-el/8.5.29/tomcat-embed-el-8.5.29.jar:/home/fazeel/.m2/repository/org/apache/tomcat/embed/tomcat-embed-websocket/8.5.29/tomcat-embed-websocket-8.5.29.jar:/home/fazeel/.m2/repository/org/hibernate/validator/hibernate-validator/6.0.9.Final/hibernate-validator-6.0.9.Final.jar:/home/fazeel/.m2/repository/javax/validation/validation-api/2.0.1.Final/validation-api-2.0.1.Final.jar:/home/fazeel/.m2/repository/org/jboss/logging/jboss-logging/3.3.2.Final/jboss-logging-3.3.2.Final.jar:/home/fazeel/.m2/repository/com/fasterxml/classmate/1.3.4/classmate-1.3.4.jar:/home/fazeel/.m2/repository/org/springframework/spring-web/5.0.5.RELEASE/spring-web-5.0.5.RELEASE.jar:/home/fazeel/.m2/repository/org/springframework/spring-beans/5.0.5.RELEASE/spring-beans-5.0.5.RELEASE.jar:/home/fazeel/.m2/repository/org/springframework/spring-webmvc/5.0.5.RELEASE/spring-webmvc-5.0.5.RELEASE.jar:/home/fazeel/.m2/repository/org/springframework/spring-aop/5.0.5.RELEASE/spring-aop-5.0.5.RELEASE.jar:/home/fazeel/.m2/repository/org/springframework/spring-expression/5.0.5.RELEASE/spring-expression-5.0.5.RELEASE.jar:/home/fazeel/.m2/repository/org/springframework/boot/spring-boot-starter-test/2.0.1.RELEASE/spring-boot-starter-test-2.0.1.RELEASE.jar:/home/fazeel/.m2/repository/org/springframework/boot/spring-boot-test/2.0.1.RELEASE/spring-boot-test-2.0.1.RELEASE.jar:/home/fazeel/.m2/repository/org/springframework/boot/spring-boot-test-autoconfigure/2.0.1.RELEASE/spring-boot-test-autoconfigure-2.0.1.RELEASE.jar:/home/fazeel/.m2/repository/com/jayway/jsonpath/json-path/2.4.0/json-path-2.4.0.jar:/home/fazeel/.m2/repository/net/minidev/json-smart/2.3/json-smart-2.3.jar:/home/fazeel/.m2/repository/net/minidev/accessors-smart/1.2/accessors-smart-1.2.jar:/home/fazeel/.m2/repository/org/ow2/asm/asm/5.0.4/asm-5.0.4.jar:/home/fazeel/.m2/repository/junit/junit/4.12/junit-4.12.jar:/home/fazeel/.m2/repository/org/assertj/assertj-core/3.9.1/assertj-core-3.9.1.jar:/home/fazeel/.m2/repository/org/mockito/mockito-core/2.15.0/mockito-core-2.15.0.jar:/home/fazeel/.m2/repository/net/bytebuddy/byte-buddy/1.7.11/byte-buddy-1.7.11.jar:/home/fazeel/.m2/repository/net/bytebuddy/byte-buddy-agent/1.7.11/byte-buddy-agent-1.7.11.jar:/home/fazeel/.m2/repository/org/objenesis/objenesis/2.6/objenesis-2.6.jar:/home/fazeel/.m2/repository/org/hamcrest/hamcrest-core/1.3/hamcrest-core-1.3.jar:/home/fazeel/.m2/repository/org/hamcrest/hamcrest-library/1.3/hamcrest-library-1.3.jar:/home/fazeel/.m2/repository/org/skyscreamer/jsonassert/1.5.0/jsonassert-1.5.0.jar:/home/fazeel/.m2/repository/com/vaadin/external/google/android-json/0.0.20131108.vaadin1/android-json-0.0.20131108.vaadin1.jar:/home/fazeel/.m2/repository/org/springframework/spring-core/5.0.5.RELEASE/spring-core-5.0.5.RELEASE.jar:/home/fazeel/.m2/repository/org/springframework/spring-jcl/5.0.5.RELEASE/spring-jcl-5.0.5.RELEASE.jar:/home/fazeel/.m2/repository/org/springframework/spring-test/5.0.5.RELEASE/spring-test-5.0.5.RELEASE.jar:/home/fazeel/.m2/repository/org/xmlunit/xmlunit-core/2.5.1/xmlunit-core-2.5.1.jar:/home/fazeel/.m2/repository/org/springframework/boot/spring-boot-devtools/2.0.1.RELEASE/spring-boot-devtools-2.0.1.RELEASE.jar:/home/fazeel/.m2/repository/org/springframework/boot/spring-boot/2.0.1.RELEASE/spring-boot-2.0.1.RELEASE.jar:/home/fazeel/.m2/repository/org/springframework/boot/spring-boot-autoconfigure/2.0.1.RELEASE/spring-boot-autoconfigure-2.0.1.RELEASE.jar:/home/fazeel/.m2/repository/org/springframework/boot/spring-boot-starter-data-mongodb/2.0.1.RELEASE/spring-boot-starter-data-mongodb-2.0.1.RELEASE.jar:/home/fazeel/.m2/repository/org/mongodb/mongodb-driver/3.6.3/mongodb-driver-3.6.3.jar:/home/fazeel/.m2/repository/org/mongodb/bson/3.6.3/bson-3.6.3.jar:/home/fazeel/.m2/repository/org/mongodb/mongodb-driver-core/3.6.3/mongodb-driver-core-3.6.3.jar:/home/fazeel/.m2/repository/org/springframework/data/spring-data-mongodb/2.0.6.RELEASE/spring-data-mongodb-2.0.6.RELEASE.jar:/home/fazeel/.m2/repository/org/springframework/data/spring-data-commons/2.0.6.RELEASE/spring-data-commons-2.0.6.RELEASE.jar:/home/fazeel/.m2/repository/org/springframework/kafka/spring-kafka/2.1.5.RELEASE/spring-kafka-2.1.5.RELEASE.jar:/home/fazeel/.m2/repository/org/springframework/spring-context/5.0.5.RELEASE/spring-context-5.0.5.RELEASE.jar:/home/fazeel/.m2/repository/org/springframework/spring-messaging/5.0.5.RELEASE/spring-messaging-5.0.5.RELEASE.jar:/home/fazeel/.m2/repository/org/springframework/spring-tx/5.0.5.RELEASE/spring-tx-5.0.5.RELEASE.jar:/home/fazeel/.m2/repository/org/springframework/retry/spring-retry/1.2.2.RELEASE/spring-retry-1.2.2.RELEASE.jar:/home/fazeel/.m2/repository/org/apache/kafka/kafka-clients/1.0.1/kafka-clients-1.0.1.jar:/home/fazeel/.m2/repository/org/lz4/lz4-java/1.4/lz4-java-1.4.jar:/home/fazeel/.m2/repository/org/xerial/snappy/snappy-java/1.1.4/snappy-java-1.1.4.jar:/home/fazeel/.m2/repository/org/springframework/kafka/spring-kafka-test/2.1.5.RELEASE/spring-kafka-test-2.1.5.RELEASE.jar:/home/fazeel/.m2/repository/org/apache/kafka/kafka-clients/1.0.1/kafka-clients-1.0.1-test.jar:/home/fazeel/.m2/repository/org/apache/kafka/kafka_2.11/1.0.1/kafka_2.11-1.0.1.jar:/home/fazeel/.m2/repository/net/sf/jopt-simple/jopt-simple/5.0.4/jopt-simple-5.0.4.jar:/home/fazeel/.m2/repository/com/yammer/metrics/metrics-core/2.2.0/metrics-core-2.2.0.jar:/home/fazeel/.m2/repository/org/scala-lang/scala-library/2.11.12/scala-library-2.11.12.jar:/home/fazeel/.m2/repository/com/101tec/zkclient/0.10/zkclient-0.10.jar:/home/fazeel/.m2/repository/org/apache/zookeeper/zookeeper/3.4.10/zookeeper-3.4.10.jar:/home/fazeel/.m2/repository/org/apache/kafka/kafka_2.11/1.0.1/kafka_2.11-1.0.1-test.jar:/home/fazeel/.m2/repository/org/springframework/cloud/spring-cloud-starter-config/2.0.1.BUILD-SNAPSHOT/spring-cloud-starter-config-2.0.1.BUILD-SNAPSHOT.jar:/home/fazeel/.m2/repository/org/springframework/cloud/spring-cloud-starter/2.0.1.BUILD-SNAPSHOT/spring-cloud-starter-2.0.1.BUILD-SNAPSHOT.jar:/home/fazeel/.m2/repository/org/springframework/cloud/spring-cloud-context/2.0.1.BUILD-SNAPSHOT/spring-cloud-context-2.0.1.BUILD-SNAPSHOT.jar:/home/fazeel/.m2/repository/org/springframework/security/spring-security-crypto/5.0.4.RELEASE/spring-security-crypto-5.0.4.RELEASE.jar:/home/fazeel/.m2/repository/org/springframework/cloud/spring-cloud-commons/2.0.1.BUILD-SNAPSHOT/spring-cloud-commons-2.0.1.BUILD-SNAPSHOT.jar:/home/fazeel/.m2/repository/org/springframework/security/spring-security-rsa/1.0.5.RELEASE/spring-security-rsa-1.0.5.RELEASE.jar:/home/fazeel/.m2/repository/org/bouncycastle/bcpkix-jdk15on/1.56/bcpkix-jdk15on-1.56.jar:/home/fazeel/.m2/repository/org/bouncycastle/bcprov-jdk15on/1.56/bcprov-jdk15on-1.56.jar:/home/fazeel/.m2/repository/org/springframework/cloud/spring-cloud-config-client/2.0.1.BUILD-SNAPSHOT/spring-cloud-config-client-2.0.1.BUILD-SNAPSHOT.jar:/home/fazeel/.m2/repository/com/fasterxml/jackson/core/jackson-databind/2.9.5/jackson-databind-2.9.5.jar:/home/fazeel/.m2/repository/org/springframework/cloud/spring-cloud-starter-netflix-eureka-client/2.0.1.BUILD-SNAPSHOT/spring-cloud-starter-netflix-eureka-client-2.0.1.BUILD-SNAPSHOT.jar:/home/fazeel/.m2/repository/org/springframework/cloud/spring-cloud-netflix-core/2.0.1.BUILD-SNAPSHOT/spring-cloud-netflix-core-2.0.1.BUILD-SNAPSHOT.jar:/home/fazeel/.m2/repository/org/springframework/boot/spring-boot-starter-aop/2.0.1.RELEASE/spring-boot-starter-aop-2.0.1.RELEASE.jar:/home/fazeel/.m2/repository/org/aspectj/aspectjweaver/1.8.13/aspectjweaver-1.8.13.jar:/home/fazeel/.m2/repository/org/springframework/cloud/spring-cloud-netflix-eureka-client/2.0.1.BUILD-SNAPSHOT/spring-cloud-netflix-eureka-client-2.0.1.BUILD-SNAPSHOT.jar:/home/fazeel/.m2/repository/com/netflix/eureka/eureka-client/1.9.3/eureka-client-1.9.3.jar:/home/fazeel/.m2/repository/org/codehaus/jettison/jettison/1.3.7/jettison-1.3.7.jar:/home/fazeel/.m2/repository/com/netflix/netflix-commons/netflix-eventbus/0.3.0/netflix-eventbus-0.3.0.jar:/home/fazeel/.m2/repository/com/netflix/netflix-commons/netflix-infix/0.3.0/netflix-infix-0.3.0.jar:/home/fazeel/.m2/repository/commons-jxpath/commons-jxpath/1.3/commons-jxpath-1.3.jar:/home/fazeel/.m2/repository/org/antlr/antlr-runtime/3.4/antlr-runtime-3.4.jar:/home/fazeel/.m2/repository/org/antlr/stringtemplate/3.2.1/stringtemplate-3.2.1.jar:/home/fazeel/.m2/repository/antlr/antlr/2.7.7/antlr-2.7.7.jar:/home/fazeel/.m2/repository/com/google/code/gson/gson/2.8.2/gson-2.8.2.jar:/home/fazeel/.m2/repository/org/apache/commons/commons-math/2.2/commons-math-2.2.jar:/home/fazeel/.m2/repository/com/netflix/archaius/archaius-core/0.7.6/archaius-core-0.7.6.jar:/home/fazeel/.m2/repository/javax/ws/rs/jsr311-api/1.1.1/jsr311-api-1.1.1.jar:/home/fazeel/.m2/repository/com/netflix/servo/servo-core/0.12.21/servo-core-0.12.21.jar:/home/fazeel/.m2/repository/com/sun/jersey/jersey-core/1.19.1/jersey-core-1.19.1.jar:/home/fazeel/.m2/repository/com/sun/jersey/jersey-client/1.19.1/jersey-client-1.19.1.jar:/home/fazeel/.m2/repository/com/sun/jersey/contribs/jersey-apache-client4/1.19.1/jersey-apache-client4-1.19.1.jar:/home/fazeel/.m2/repository/com/google/inject/guice/4.1.0/guice-4.1.0.jar:/home/fazeel/.m2/repository/javax/inject/javax.inject/1/javax.inject-1.jar:/home/fazeel/.m2/repository/aopalliance/aopalliance/1.0/aopalliance-1.0.jar:/home/fazeel/.m2/repository/com/github/vlsi/compactmap/compactmap/1.2.1/compactmap-1.2.1.jar:/home/fazeel/.m2/repository/com/github/andrewoma/dexx/dexx-collections/0.2/dexx-collections-0.2.jar:/home/fazeel/.m2/repository/com/netflix/eureka/eureka-core/1.9.3/eureka-core-1.9.3.jar:/home/fazeel/.m2/repository/org/codehaus/woodstox/woodstox-core-asl/4.4.1/woodstox-core-asl-4.4.1.jar:/home/fazeel/.m2/repository/javax/xml/stream/stax-api/1.0-2/stax-api-1.0-2.jar:/home/fazeel/.m2/repository/org/codehaus/woodstox/stax2-api/3.1.4/stax2-api-3.1.4.jar:/home/fazeel/.m2/repository/org/springframework/cloud/spring-cloud-starter-netflix-archaius/2.0.1.BUILD-SNAPSHOT/spring-cloud-starter-netflix-archaius-2.0.1.BUILD-SNAPSHOT.jar:/home/fazeel/.m2/repository/org/springframework/cloud/spring-cloud-netflix-ribbon/2.0.1.BUILD-SNAPSHOT/spring-cloud-netflix-ribbon-2.0.1.BUILD-SNAPSHOT.jar:/home/fazeel/.m2/repository/org/springframework/cloud/spring-cloud-netflix-archaius/2.0.1.BUILD-SNAPSHOT/spring-cloud-netflix-archaius-2.0.1.BUILD-SNAPSHOT.jar:/home/fazeel/.m2/repository/commons-configuration/commons-configuration/1.8/commons-configuration-1.8.jar:/home/fazeel/.m2/repository/commons-lang/commons-lang/2.6/commons-lang-2.6.jar:/home/fazeel/.m2/repository/org/springframework/cloud/spring-cloud-starter-netflix-ribbon/2.0.1.BUILD-SNAPSHOT/spring-cloud-starter-netflix-ribbon-2.0.1.BUILD-SNAPSHOT.jar:/home/fazeel/.m2/repository/com/netflix/ribbon/ribbon/2.2.5/ribbon-2.2.5.jar:/home/fazeel/.m2/repository/com/netflix/ribbon/ribbon-transport/2.2.5/ribbon-transport-2.2.5.jar:/home/fazeel/.m2/repository/io/reactivex/rxnetty-contexts/0.4.9/rxnetty-contexts-0.4.9.jar:/home/fazeel/.m2/repository/io/reactivex/rxnetty-servo/0.4.9/rxnetty-servo-0.4.9.jar:/home/fazeel/.m2/repository/com/netflix/hystrix/hystrix-core/1.5.12/hystrix-core-1.5.12.jar:/home/fazeel/.m2/repository/io/reactivex/rxnetty/0.4.9/rxnetty-0.4.9.jar:/home/fazeel/.m2/repository/io/netty/netty-codec-http/4.1.23.Final/netty-codec-http-4.1.23.Final.jar:/home/fazeel/.m2/repository/io/netty/netty-codec/4.1.23.Final/netty-codec-4.1.23.Final.jar:/home/fazeel/.m2/repository/io/netty/netty-transport-native-epoll/4.1.23.Final/netty-transport-native-epoll-4.1.23.Final.jar:/home/fazeel/.m2/repository/io/netty/netty-common/4.1.23.Final/netty-common-4.1.23.Final.jar:/home/fazeel/.m2/repository/io/netty/netty-buffer/4.1.23.Final/netty-buffer-4.1.23.Final.jar:/home/fazeel/.m2/repository/io/netty/netty-transport-native-unix-common/4.1.23.Final/netty-transport-native-unix-common-4.1.23.Final.jar:/home/fazeel/.m2/repository/io/netty/netty-transport/4.1.23.Final/netty-transport-4.1.23.Final.jar:/home/fazeel/.m2/repository/io/netty/netty-resolver/4.1.23.Final/netty-resolver-4.1.23.Final.jar:/home/fazeel/.m2/repository/com/netflix/ribbon/ribbon-core/2.2.5/ribbon-core-2.2.5.jar:/home/fazeel/.m2/repository/com/netflix/ribbon/ribbon-httpclient/2.2.5/ribbon-httpclient-2.2.5.jar:/home/fazeel/.m2/repository/commons-collections/commons-collections/3.2.2/commons-collections-3.2.2.jar:/home/fazeel/.m2/repository/com/netflix/netflix-commons/netflix-commons-util/0.3.0/netflix-commons-util-0.3.0.jar:/home/fazeel/.m2/repository/com/netflix/ribbon/ribbon-loadbalancer/2.2.5/ribbon-loadbalancer-2.2.5.jar:/home/fazeel/.m2/repository/com/netflix/netflix-commons/netflix-statistics/0.1.1/netflix-statistics-0.1.1.jar:/home/fazeel/.m2/repository/io/reactivex/rxjava/1.3.8/rxjava-1.3.8.jar:/home/fazeel/.m2/repository/com/netflix/ribbon/ribbon-eureka/2.2.5/ribbon-eureka-2.2.5.jar:/home/fazeel/.m2/repository/com/thoughtworks/xstream/xstream/1.4.10/xstream-1.4.10.jar:/home/fazeel/.m2/repository/xmlpull/xmlpull/1.1.3.1/xmlpull-1.1.3.1.jar:/home/fazeel/.m2/repository/xpp3/xpp3_min/1.1.4c/xpp3_min-1.1.4c.jar:/home/fazeel/.m2/repository/org/springframework/boot/spring-boot-starter-actuator/2.0.1.RELEASE/spring-boot-starter-actuator-2.0.1.RELEASE.jar:/home/fazeel/.m2/repository/org/springframework/boot/spring-boot-actuator-autoconfigure/2.0.1.RELEASE/spring-boot-actuator-autoconfigure-2.0.1.RELEASE.jar:/home/fazeel/.m2/repository/org/springframework/boot/spring-boot-actuator/2.0.1.RELEASE/spring-boot-actuator-2.0.1.RELEASE.jar:/home/fazeel/.m2/repository/io/micrometer/micrometer-core/1.0.3/micrometer-core-1.0.3.jar:/home/fazeel/.m2/repository/org/hdrhistogram/HdrHistogram/2.1.10/HdrHistogram-2.1.10.jar:/home/fazeel/.m2/repository/org/latencyutils/LatencyUtils/2.0.3/LatencyUtils-2.0.3.jar:/home/fazeel/.m2/repository/io/micrometer/micrometer-registry-prometheus/1.0.3/micrometer-registry-prometheus-1.0.3.jar:/home/fazeel/.m2/repository/io/prometheus/simpleclient_common/0.3.0/simpleclient_common-0.3.0.jar:/home/fazeel/.m2/repository/io/prometheus/simpleclient/0.3.0/simpleclient-0.3.0.jar:/home/fazeel/.m2/repository/com/hp/hpl/jena/arq/2.8.3/arq-2.8.3.jar:/home/fazeel/.m2/repository/com/hp/hpl/jena/jena/2.6.2/jena-2.6.2.jar:/home/fazeel/.m2/repository/com/ibm/icu/icu4j/3.4.4/icu4j-3.4.4.jar:/home/fazeel/.m2/repository/org/slf4j/slf4j-log4j12/1.7.25/slf4j-log4j12-1.7.25.jar:/home/fazeel/.m2/repository/log4j/log4j/1.2.13/log4j-1.2.13.jar:/home/fazeel/.m2/repository/com/hp/hpl/jena/iri/0.8/iri-0.8.jar:/home/fazeel/.m2/repository/org/codehaus/woodstox/wstx-asl/3.2.9/wstx-asl-3.2.9.jar:/home/fazeel/.m2/repository/stax/stax-api/1.0.1/stax-api-1.0.1.jar:/home/fazeel/.m2/repository/org/apache/lucene/lucene-core/2.3.1/lucene-core-2.3.1.jar:/home/fazeel/.m2/repository/org/slf4j/slf4j-api/1.7.25/slf4j-api-1.7.25.jar:/home/fazeel/.m2/repository/xerces/xercesImpl/2.7.1/xercesImpl-2.7.1.jar:/home/fazeel/.m2/repository/org/apache/jena/jena-arq/3.7.0/jena-arq-3.7.0.jar:/home/fazeel/.m2/repository/org/apache/jena/jena-core/3.7.0/jena-core-3.7.0.jar:/home/fazeel/.m2/repository/org/apache/jena/jena-iri/3.7.0/jena-iri-3.7.0.jar:/home/fazeel/.m2/repository/commons-cli/commons-cli/1.4/commons-cli-1.4.jar:/home/fazeel/.m2/repository/commons-codec/commons-codec/1.11/commons-codec-1.11.jar:/home/fazeel/.m2/repository/org/apache/jena/jena-base/3.7.0/jena-base-3.7.0.jar:/home/fazeel/.m2/repository/org/apache/commons/commons-csv/1.5/commons-csv-1.5.jar:/home/fazeel/.m2/repository/com/github/andrewoma/dexx/collection/0.7/collection-0.7.jar:/home/fazeel/.m2/repository/org/apache/jena/jena-shaded-guava/3.7.0/jena-shaded-guava-3.7.0.jar:/home/fazeel/.m2/repository/org/apache/httpcomponents/httpclient/4.5.5/httpclient-4.5.5.jar:/home/fazeel/.m2/repository/org/apache/httpcomponents/httpcore/4.4.9/httpcore-4.4.9.jar:/home/fazeel/.m2/repository/com/github/jsonld-java/jsonld-java/0.11.1/jsonld-java-0.11.1.jar:/home/fazeel/.m2/repository/commons-io/commons-io/2.5/commons-io-2.5.jar:/home/fazeel/.m2/repository/org/apache/httpcomponents/httpclient-cache/4.5.5/httpclient-cache-4.5.5.jar:/home/fazeel/.m2/repository/org/apache/thrift/libthrift/0.10.0/libthrift-0.10.0.jar:/home/fazeel/.m2/repository/org/slf4j/jcl-over-slf4j/1.7.25/jcl-over-slf4j-1.7.25.jar:/home/fazeel/.m2/repository/org/apache/commons/commons-lang3/3.7/commons-lang3-3.7.jar:/home/fazeel/.m2/repository/org/eclipse/rdf4j/rdf4j-runtime/2.0M2/rdf4j-runtime-2.0M2.jar:/home/fazeel/.m2/repository/org/eclipse/rdf4j/rdf4j-model/2.0M2/rdf4j-model-2.0M2.jar:/home/fazeel/.m2/repository/org/eclipse/rdf4j/rdf4j-util/2.0M2/rdf4j-util-2.0M2.jar:/home/fazeel/.m2/repository/org/eclipse/rdf4j/rdf4j-repository-api/2.0M2/rdf4j-repository-api-2.0M2.jar:/home/fazeel/.m2/repository/org/eclipse/rdf4j/rdf4j-query/2.0M2/rdf4j-query-2.0M2.jar:/home/fazeel/.m2/repository/org/eclipse/rdf4j/rdf4j-repository-manager/2.0M2/rdf4j-repository-manager-2.0M2.jar:/home/fazeel/.m2/repository/org/eclipse/rdf4j/rdf4j-repository-event/2.0M2/rdf4j-repository-event-2.0M2.jar:/home/fazeel/.m2/repository/org/eclipse/rdf4j/rdf4j-repository-http/2.0M2/rdf4j-repository-http-2.0M2.jar:/home/fazeel/.m2/repository/org/eclipse/rdf4j/rdf4j-repository-sparql/2.0M2/rdf4j-repository-sparql-2.0M2.jar:/home/fazeel/.m2/repository/org/eclipse/rdf4j/rdf4j-repository-contextaware/2.0M2/rdf4j-repository-contextaware-2.0M2.jar:/home/fazeel/.m2/repository/org/eclipse/rdf4j/rdf4j-repository-sail/2.0M2/rdf4j-repository-sail-2.0M2.jar:/home/fazeel/.m2/repository/org/eclipse/rdf4j/rdf4j-queryalgebra-model/2.0M2/rdf4j-queryalgebra-model-2.0M2.jar:/home/fazeel/.m2/repository/org/eclipse/rdf4j/rdf4j-queryalgebra-evaluation/2.0M2/rdf4j-queryalgebra-evaluation-2.0M2.jar:/home/fazeel/.m2/repository/org/mapdb/mapdb/1.0.8/mapdb-1.0.8.jar:/home/fazeel/.m2/repository/org/eclipse/rdf4j/rdf4j-http-client/2.0M2/rdf4j-http-client-2.0M2.jar:/home/fazeel/.m2/repository/org/eclipse/rdf4j/rdf4j-sail-api/2.0M2/rdf4j-sail-api-2.0M2.jar:/home/fazeel/.m2/repository/org/eclipse/rdf4j/rdf4j-sail-federation/2.0M2/rdf4j-sail-federation-2.0M2.jar:/home/fazeel/.m2/repository/org/eclipse/rdf4j/rdf4j-queryparser-api/2.0M2/rdf4j-queryparser-api-2.0M2.jar:/home/fazeel/.m2/repository/org/eclipse/rdf4j/rdf4j-queryparser-serql/2.0M2/rdf4j-queryparser-serql-2.0M2.jar:/home/fazeel/.m2/repository/org/eclipse/rdf4j/rdf4j-queryparser-sparql/2.0M2/rdf4j-queryparser-sparql-2.0M2.jar:/home/fazeel/.m2/repository/org/eclipse/rdf4j/rdf4j-queryresultio-api/2.0M2/rdf4j-queryresultio-api-2.0M2.jar:/home/fazeel/.m2/repository/org/eclipse/rdf4j/rdf4j-queryresultio-binary/2.0M2/rdf4j-queryresultio-binary-2.0M2.jar:/home/fazeel/.m2/repository/org/eclipse/rdf4j/rdf4j-queryresultio-sparqljson/2.0M2/rdf4j-queryresultio-sparqljson-2.0M2.jar:/home/fazeel/.m2/repository/org/eclipse/rdf4j/rdf4j-queryresultio-sparqlxml/2.0M2/rdf4j-queryresultio-sparqlxml-2.0M2.jar:/home/fazeel/.m2/repository/org/eclipse/rdf4j/rdf4j-queryresultio-text/2.0M2/rdf4j-queryresultio-text-2.0M2.jar:/home/fazeel/.m2/repository/com/opencsv/opencsv/3.2/opencsv-3.2.jar:/home/fazeel/.m2/repository/org/eclipse/rdf4j/rdf4j-repository-dataset/2.0M2/rdf4j-repository-dataset-2.0M2.jar:/home/fazeel/.m2/repository/org/eclipse/rdf4j/rdf4j-http-protocol/2.0M2/rdf4j-http-protocol-2.0M2.jar:/home/fazeel/.m2/repository/org/eclipse/rdf4j/rdf4j-rio-api/2.0M2/rdf4j-rio-api-2.0M2.jar:/home/fazeel/.m2/repository/org/eclipse/rdf4j/rdf4j-rio-datatypes/2.0M2/rdf4j-rio-datatypes-2.0M2.jar:/home/fazeel/.m2/repository/org/eclipse/rdf4j/rdf4j-rio-languages/2.0M2/rdf4j-rio-languages-2.0M2.jar:/home/fazeel/.m2/repository/org/eclipse/rdf4j/rdf4j-rio-binary/2.0M2/rdf4j-rio-binary-2.0M2.jar:/home/fazeel/.m2/repository/org/eclipse/rdf4j/rdf4j-rio-jsonld/2.0M2/rdf4j-rio-jsonld-2.0M2.jar:/home/fazeel/.m2/repository/org/eclipse/rdf4j/rdf4j-rio-ntriples/2.0M2/rdf4j-rio-ntriples-2.0M2.jar:/home/fazeel/.m2/repository/org/eclipse/rdf4j/rdf4j-rio-nquads/2.0M2/rdf4j-rio-nquads-2.0M2.jar:/home/fazeel/.m2/repository/org/eclipse/rdf4j/rdf4j-rio-n3/2.0M2/rdf4j-rio-n3-2.0M2.jar:/home/fazeel/.m2/repository/org/eclipse/rdf4j/rdf4j-rio-rdfjson/2.0M2/rdf4j-rio-rdfjson-2.0M2.jar:/home/fazeel/.m2/repository/org/eclipse/rdf4j/rdf4j-rio-rdfxml/2.0M2/rdf4j-rio-rdfxml-2.0M2.jar:/home/fazeel/.m2/repository/org/eclipse/rdf4j/rdf4j-rio-trix/2.0M2/rdf4j-rio-trix-2.0M2.jar:/home/fazeel/.m2/repository/org/eclipse/rdf4j/rdf4j-rio-turtle/2.0M2/rdf4j-rio-turtle-2.0M2.jar:/home/fazeel/.m2/repository/org/eclipse/rdf4j/rdf4j-rio-trig/2.0M2/rdf4j-rio-trig-2.0M2.jar:/home/fazeel/.m2/repository/org/eclipse/rdf4j/rdf4j-sail-inferencer/2.0M2/rdf4j-sail-inferencer-2.0M2.jar:/home/fazeel/.m2/repository/org/eclipse/rdf4j/rdf4j-sail-model/2.0M2/rdf4j-sail-model-2.0M2.jar:/home/fazeel/.m2/repository/org/eclipse/rdf4j/rdf4j-sail-lucene/2.0M2/rdf4j-sail-lucene-2.0M2.jar:/home/fazeel/.m2/repository/org/eclipse/rdf4j/rdf4j-sail-lucene-api/2.0M2/rdf4j-sail-lucene-api-2.0M2.jar:/home/fazeel/.m2/repository/com/spatial4j/spatial4j/0.4.1/spatial4j-0.4.1.jar:/home/fazeel/.m2/repository/org/apache/lucene/lucene-queries/5.2.1/lucene-queries-5.2.1.jar:/home/fazeel/.m2/repository/org/apache/lucene/lucene-highlighter/5.2.1/lucene-highlighter-5.2.1.jar:/home/fazeel/.m2/repository/org/apache/lucene/lucene-join/5.2.1/lucene-join-5.2.1.jar:/home/fazeel/.m2/repository/org/apache/lucene/lucene-memory/5.2.1/lucene-memory-5.2.1.jar:/home/fazeel/.m2/repository/org/apache/lucene/lucene-analyzers-common/5.2.1/lucene-analyzers-common-5.2.1.jar:/home/fazeel/.m2/repository/org/apache/lucene/lucene-queryparser/5.2.1/lucene-queryparser-5.2.1.jar:/home/fazeel/.m2/repository/org/apache/lucene/lucene-sandbox/5.2.1/lucene-sandbox-5.2.1.jar:/home/fazeel/.m2/repository/org/apache/lucene/lucene-spatial/5.2.1/lucene-spatial-5.2.1.jar:/home/fazeel/.m2/repository/org/apache/lucene/lucene-misc/5.2.1/lucene-misc-5.2.1.jar:/home/fazeel/.m2/repository/org/codehaus/mojo/animal-sniffer-annotations/1.14/animal-sniffer-annotations-1.14.jar:/home/fazeel/.m2/repository/org/eclipse/rdf4j/rdf4j-sail-memory/2.0M2/rdf4j-sail-memory-2.0M2.jar:/home/fazeel/.m2/repository/org/eclipse/rdf4j/rdf4j-sail-base/2.0M2/rdf4j-sail-base-2.0M2.jar:/home/fazeel/.m2/repository/org/eclipse/rdf4j/rdf4j-sail-spin/2.0M2/rdf4j-sail-spin-2.0M2.jar:/home/fazeel/.m2/repository/org/eclipse/rdf4j/rdf4j-spin/2.0M2/rdf4j-spin-2.0M2.jar:/home/fazeel/.m2/repository/org/eclipse/rdf4j/rdf4j-queryrender/2.0M2/rdf4j-queryrender-2.0M2.jar:/home/fazeel/.m2/repository/org/eclipse/rdf4j/rdf4j-sail-nativerdf/2.0M2/rdf4j-sail-nativerdf-2.0M2.jar:/home/fazeel/.m2/repository/com/google/endpoints/endpoints-framework/2.0.14/endpoints-framework-2.0.14.jar:/home/fazeel/.m2/repository/com/google/guava/guava/20.0/guava-20.0.jar:/home/fazeel/.m2/repository/com/fasterxml/jackson/core/jackson-annotations/2.9.0/jackson-annotations-2.9.0.jar:/home/fazeel/.m2/repository/com/fasterxml/jackson/core/jackson-core/2.9.5/jackson-core-2.9.5.jar:/home/fazeel/.m2/repository/com/google/appengine/appengine-api-1.0-sdk/1.9.63/appengine-api-1.0-sdk-1.9.63.jar:/home/fazeel/.m2/repository/com/google/http-client/google-http-client-jackson2/1.23.0/google-http-client-jackson2-1.23.0.jar:/home/fazeel/.m2/repository/com/google/http-client/google-http-client/1.23.0/google-http-client-1.23.0.jar:/home/fazeel/.m2/repository/com/google/api-client/google-api-client/1.23.0/google-api-client-1.23.0.jar:/home/fazeel/.m2/repository/com/google/oauth-client/google-oauth-client/1.23.0/google-oauth-client-1.23.0.jar:/home/fazeel/.m2/repository/com/google/api-client/google-api-client-appengine/1.23.0/google-api-client-appengine-1.23.0.jar:/home/fazeel/.m2/repository/com/google/oauth-client/google-oauth-client-appengine/1.23.0/google-oauth-client-appengine-1.23.0.jar:/home/fazeel/.m2/repository/com/google/oauth-client/google-oauth-client-servlet/1.23.0/google-oauth-client-servlet-1.23.0.jar:/home/fazeel/.m2/repository/com/google/http-client/google-http-client-jdo/1.23.0/google-http-client-jdo-1.23.0.jar:/home/fazeel/.m2/repository/com/google/api-client/google-api-client-servlet/1.23.0/google-api-client-servlet-1.23.0.jar:/home/fazeel/.m2/repository/javax/servlet/servlet-api/2.5/servlet-api-2.5.jar:/home/fazeel/.m2/repository/javax/jdo/jdo2-api/2.3-eb/jdo2-api-2.3-eb.jar:/home/fazeel/.m2/repository/javax/transaction/transaction-api/1.1/transaction-api-1.1.jar:/home/fazeel/.m2/repository/com/google/http-client/google-http-client-appengine/1.23.0/google-http-client-appengine-1.23.0.jar:/home/fazeel/.m2/repository/com/google/code/findbugs/jsr305/3.0.1/jsr305-3.0.1.jar:/home/fazeel/.m2/repository/io/swagger/swagger-models/1.5.9/swagger-models-1.5.9.jar:/home/fazeel/.m2/repository/io/swagger/swagger-annotations/1.5.9/swagger-annotations-1.5.9.jar:/home/fazeel/.m2/repository/io/swagger/swagger-core/1.5.9/swagger-core-1.5.9.jar:/home/fazeel/.m2/repository/com/fasterxml/jackson/datatype/jackson-datatype-joda/2.9.5/jackson-datatype-joda-2.9.5.jar:/home/fazeel/.m2/repository/joda-time/joda-time/2.9.9/joda-time-2.9.9.jar:/home/fazeel/.m2/repository/com/fasterxml/jackson/dataformat/jackson-dataformat-yaml/2.9.5/jackson-dataformat-yaml-2.9.5.jar:/home/fazeel/.m2/repository/org/slf4j/slf4j-nop/1.7.25/slf4j-nop-1.7.25.jar:"/>
    <property name="sun.cpu.endian" value="little"/>
    <property name="user.home" value="/home/fazeel"/>
    <property name="user.language" value="en"/>
    <property name="java.specification.vendor" value="Oracle Corporation"/>
    <property name="java.home" value="/usr/lib/jvm/java-8-oracle/jre"/>
    <property name="basedir" value="/home/fazeel/Desktop/maverick/DeploymentCode/questionGenerator"/>
    <property name="file.separator" value="/"/>
    <property name="line.separator" value="&#10;"/>
    <property name="java.vm.specification.vendor" value="Oracle Corporation"/>
    <property name="java.specification.name" value="Java Platform API Specification"/>
    <property name="java.awt.graphicsenv" value="sun.awt.X11GraphicsEnvironment"/>
    <property name="surefire.real.class.path" value="/home/fazeel/Desktop/maverick/DeploymentCode/questionGenerator/target/surefire/surefirebooter5027829225404329763.jar"/>
    <property name="sun.boot.class.path" value="/usr/lib/jvm/java-8-oracle/jre/lib/resources.jar:/usr/lib/jvm/java-8-oracle/jre/lib/rt.jar:/usr/lib/jvm/java-8-oracle/jre/lib/sunrsasign.jar:/usr/lib/jvm/java-8-oracle/jre/lib/jsse.jar:/usr/lib/jvm/java-8-oracle/jre/lib/jce.jar:/usr/lib/jvm/java-8-oracle/jre/lib/charsets.jar:/usr/lib/jvm/java-8-oracle/jre/lib/jfr.jar:/usr/lib/jvm/java-8-oracle/jre/classes"/>
    <property name="sun.management.compiler" value="HotSpot 64-Bit Tiered Compilers"/>
    <property name="java.runtime.version" value="1.8.0_171-b11"/>
    <property name="user.name" value="fazeel"/>
    <property name="path.separator" value=":"/>
    <property name="os.version" value="4.13.0-43-generic"/>
    <property name="java.endorsed.dirs" value="/usr/lib/jvm/java-8-oracle/jre/lib/endorsed"/>
    <property name="java.runtime.name" value="Java(TM) SE Runtime Environment"/>
    <property name="file.encoding" value="UTF-8"/>
    <property name="java.vm.name" value="Java HotSpot(TM) 64-Bit Server VM"/>
    <property name="localRepository" value="/home/fazeel/.m2/repository"/>
    <property name="java.vendor.url.bug" value="http://bugreport.sun.com/bugreport/"/>
    <property name="java.io.tmpdir" value="/tmp"/>
    <property name="java.version" value="1.8.0_171"/>
    <property name="user.dir" value="/home/fazeel/Desktop/maverick/DeploymentCode/questionGenerator"/>
    <property name="os.arch" value="amd64"/>
    <property name="java.vm.specification.name" value="Java Virtual Machine Specification"/>
    <property name="java.awt.printerjob" value="sun.print.PSPrinterJob"/>
    <property name="sun.os.patch.level" value="unknown"/>
    <property name="java.library.path" value="/usr/java/packages/lib/amd64:/usr/lib64:/lib64:/lib:/usr/lib"/>
    <property name="java.vm.info" value="mixed mode"/>
    <property name="java.vendor" value="Oracle Corporation"/>
    <property name="java.vm.version" value="25.171-b11"/>
    <property name="java.ext.dirs" value="/usr/lib/jvm/java-8-oracle/jre/lib/ext:/usr/java/packages/lib/ext"/>
    <property name="sun.io.unicode.encoding" value="UnicodeLittle"/>
    <property name="java.class.version" value="52.0"/>
  </properties>
  <testcase name="testAddCategory" classname="com.stackroute.maverick.QGControllerTest" time="0.126"/>
  <testcase name="testGetAllCategories" classname="com.stackroute.maverick.QGControllerTest" time="0.046"/>
  <testcase name="testFindByCategoryId" classname="com.stackroute.maverick.QGControllerTest" time="0.025"/>
  <testcase name="testFindByCategoryName" classname="com.stackroute.maverick.QGControllerTest" time="0.006"/>
</testsuite>